{"src/backbone.picky.js":{"path":"src/backbone.picky.js","s":{"1":1,"2":1,"3":1,"4":24,"5":1,"6":41,"7":41,"8":14,"9":27,"10":27,"11":27,"12":27,"13":41,"14":24,"15":17,"16":17,"17":5,"18":12,"19":12,"20":12,"21":1,"22":67,"23":67,"24":1,"25":128,"26":20,"27":108,"28":108,"29":108,"30":43,"31":8,"32":35,"33":35,"34":35,"35":18,"36":36,"37":18,"38":12,"39":0,"40":12,"41":24,"42":12,"43":9,"44":3,"45":6,"46":1,"47":172,"48":1,"49":260,"50":260,"51":119,"52":141,"53":141,"54":141,"55":135,"56":92,"57":92,"58":49,"59":43,"60":43,"61":43,"62":41,"63":0,"64":0,"65":0,"66":1,"67":173,"68":173,"69":173,"70":173,"71":69,"72":69,"73":104,"74":33,"75":33,"76":71,"77":71,"78":71,"79":1},"b":{"1":[41,41],"2":[14,27],"3":[41,41,14],"4":[24,17],"5":[17,6],"6":[5,12],"7":[20,108],"8":[8,35],"9":[0,12],"10":[3,6],"11":[260,260],"12":[119,141],"13":[260,119],"14":[135,6],"15":[92,92],"16":[49,43],"17":[92,49],"18":[41,2],"19":[0,0],"20":[69,104],"21":[33,71],"22":[71,0],"23":[71,71]},"f":{"1":1,"2":24,"3":41,"4":41,"5":67,"6":128,"7":43,"8":18,"9":36,"10":12,"11":24,"12":9,"13":172,"14":260,"15":92,"16":0,"17":173},"fnMap":{"1":{"name":"(anonymous_1)","line":1,"loc":{"start":{"line":1,"column":18},"end":{"line":1,"column":41}}},"2":{"name":"(anonymous_2)","line":11,"loc":{"start":{"line":11,"column":23},"end":{"line":11,"column":43}}},"3":{"name":"(anonymous_3)","line":19,"loc":{"start":{"line":19,"column":12},"end":{"line":19,"column":34}}},"4":{"name":"(anonymous_4)","line":32,"loc":{"start":{"line":32,"column":14},"end":{"line":32,"column":29}}},"5":{"name":"(anonymous_5)","line":51,"loc":{"start":{"line":51,"column":22},"end":{"line":51,"column":44}}},"6":{"name":"(anonymous_6)","line":61,"loc":{"start":{"line":61,"column":12},"end":{"line":61,"column":29}}},"7":{"name":"(anonymous_7)","line":72,"loc":{"start":{"line":72,"column":14},"end":{"line":72,"column":31}}},"8":{"name":"(anonymous_8)","line":81,"loc":{"start":{"line":81,"column":15},"end":{"line":81,"column":27}}},"9":{"name":"(anonymous_9)","line":82,"loc":{"start":{"line":82,"column":16},"end":{"line":82,"column":33}}},"10":{"name":"(anonymous_10)","line":87,"loc":{"start":{"line":87,"column":16},"end":{"line":87,"column":28}}},"11":{"name":"(anonymous_11)","line":89,"loc":{"start":{"line":89,"column":16},"end":{"line":89,"column":33}}},"12":{"name":"(anonymous_12)","line":96,"loc":{"start":{"line":96,"column":21},"end":{"line":96,"column":33}}},"13":{"name":"(anonymous_13)","line":110,"loc":{"start":{"line":110,"column":21},"end":{"line":110,"column":38}}},"14":{"name":"(anonymous_14)","line":118,"loc":{"start":{"line":118,"column":12},"end":{"line":118,"column":29}}},"15":{"name":"(anonymous_15)","line":132,"loc":{"start":{"line":132,"column":14},"end":{"line":132,"column":31}}},"16":{"name":"(anonymous_16)","line":146,"loc":{"start":{"line":146,"column":20},"end":{"line":146,"column":32}}},"17":{"name":"(anonymous_17)","line":161,"loc":{"start":{"line":161,"column":32},"end":{"line":161,"column":54}}}},"statementMap":{"1":{"start":{"line":1,"column":0},"end":{"line":184,"column":16}},"2":{"start":{"line":2,"column":2},"end":{"line":2,"column":17}},"3":{"start":{"line":11,"column":2},"end":{"line":13,"column":4}},"4":{"start":{"line":12,"column":4},"end":{"line":12,"column":33}},"5":{"start":{"line":15,"column":2},"end":{"line":43,"column":5}},"6":{"start":{"line":20,"column":6},"end":{"line":20,"column":29}},"7":{"start":{"line":21,"column":6},"end":{"line":21,"column":74}},"8":{"start":{"line":21,"column":65},"end":{"line":21,"column":72}},"9":{"start":{"line":23,"column":6},"end":{"line":23,"column":22}},"10":{"start":{"line":25,"column":6},"end":{"line":25,"column":28}},"11":{"start":{"line":26,"column":6},"end":{"line":26,"column":29}},"12":{"start":{"line":27,"column":6},"end":{"line":27,"column":40}},"13":{"start":{"line":33,"column":6},"end":{"line":33,"column":36}},"14":{"start":{"line":33,"column":27},"end":{"line":33,"column":34}},"15":{"start":{"line":35,"column":6},"end":{"line":35,"column":37}},"16":{"start":{"line":36,"column":6},"end":{"line":36,"column":45}},"17":{"start":{"line":36,"column":36},"end":{"line":36,"column":43}},"18":{"start":{"line":38,"column":6},"end":{"line":38,"column":31}},"19":{"start":{"line":39,"column":6},"end":{"line":39,"column":50}},"20":{"start":{"line":40,"column":6},"end":{"line":40,"column":27}},"21":{"start":{"line":51,"column":2},"end":{"line":54,"column":4}},"22":{"start":{"line":52,"column":4},"end":{"line":52,"column":33}},"23":{"start":{"line":53,"column":4},"end":{"line":53,"column":23}},"24":{"start":{"line":56,"column":2},"end":{"line":103,"column":5}},"25":{"start":{"line":62,"column":6},"end":{"line":62,"column":47}},"26":{"start":{"line":62,"column":38},"end":{"line":62,"column":45}},"27":{"start":{"line":64,"column":6},"end":{"line":64,"column":39}},"28":{"start":{"line":65,"column":6},"end":{"line":65,"column":21}},"29":{"start":{"line":66,"column":6},"end":{"line":66,"column":36}},"30":{"start":{"line":73,"column":6},"end":{"line":73,"column":48}},"31":{"start":{"line":73,"column":39},"end":{"line":73,"column":46}},"32":{"start":{"line":75,"column":6},"end":{"line":75,"column":38}},"33":{"start":{"line":76,"column":6},"end":{"line":76,"column":23}},"34":{"start":{"line":77,"column":6},"end":{"line":77,"column":36}},"35":{"start":{"line":82,"column":6},"end":{"line":82,"column":54}},"36":{"start":{"line":82,"column":35},"end":{"line":82,"column":50}},"37":{"start":{"line":83,"column":6},"end":{"line":83,"column":36}},"38":{"start":{"line":88,"column":6},"end":{"line":88,"column":48}},"39":{"start":{"line":88,"column":39},"end":{"line":88,"column":46}},"40":{"start":{"line":89,"column":6},"end":{"line":89,"column":56}},"41":{"start":{"line":89,"column":35},"end":{"line":89,"column":52}},"42":{"start":{"line":90,"column":6},"end":{"line":90,"column":36}},"43":{"start":{"line":97,"column":6},"end":{"line":101,"column":7}},"44":{"start":{"line":98,"column":8},"end":{"line":98,"column":26}},"45":{"start":{"line":100,"column":8},"end":{"line":100,"column":25}},"46":{"start":{"line":110,"column":2},"end":{"line":112,"column":4}},"47":{"start":{"line":111,"column":4},"end":{"line":111,"column":23}},"48":{"start":{"line":114,"column":2},"end":{"line":153,"column":5}},"49":{"start":{"line":119,"column":6},"end":{"line":119,"column":29}},"50":{"start":{"line":120,"column":6},"end":{"line":120,"column":55}},"51":{"start":{"line":120,"column":46},"end":{"line":120,"column":53}},"52":{"start":{"line":122,"column":6},"end":{"line":122,"column":27}},"53":{"start":{"line":123,"column":6},"end":{"line":123,"column":37}},"54":{"start":{"line":125,"column":6},"end":{"line":127,"column":7}},"55":{"start":{"line":126,"column":8},"end":{"line":126,"column":44}},"56":{"start":{"line":133,"column":6},"end":{"line":133,"column":29}},"57":{"start":{"line":134,"column":6},"end":{"line":134,"column":56}},"58":{"start":{"line":134,"column":47},"end":{"line":134,"column":54}},"59":{"start":{"line":136,"column":6},"end":{"line":136,"column":28}},"60":{"start":{"line":137,"column":6},"end":{"line":137,"column":39}},"61":{"start":{"line":139,"column":6},"end":{"line":141,"column":7}},"62":{"start":{"line":140,"column":8},"end":{"line":140,"column":46}},"63":{"start":{"line":147,"column":6},"end":{"line":151,"column":7}},"64":{"start":{"line":148,"column":8},"end":{"line":148,"column":24}},"65":{"start":{"line":150,"column":8},"end":{"line":150,"column":22}},"66":{"start":{"line":161,"column":2},"end":{"line":181,"column":4}},"67":{"start":{"line":162,"column":4},"end":{"line":162,"column":60}},"68":{"start":{"line":164,"column":4},"end":{"line":164,"column":51}},"69":{"start":{"line":165,"column":4},"end":{"line":165,"column":35}},"70":{"start":{"line":167,"column":4},"end":{"line":170,"column":5}},"71":{"start":{"line":168,"column":6},"end":{"line":168,"column":51}},"72":{"start":{"line":169,"column":6},"end":{"line":169,"column":13}},"73":{"start":{"line":172,"column":4},"end":{"line":175,"column":5}},"74":{"start":{"line":173,"column":6},"end":{"line":173,"column":52}},"75":{"start":{"line":174,"column":6},"end":{"line":174,"column":13}},"76":{"start":{"line":177,"column":4},"end":{"line":180,"column":5}},"77":{"start":{"line":178,"column":6},"end":{"line":178,"column":52}},"78":{"start":{"line":179,"column":6},"end":{"line":179,"column":13}},"79":{"start":{"line":183,"column":2},"end":{"line":183,"column":15}}},"branchMap":{"1":{"line":20,"type":"binary-expr","locations":[{"start":{"line":20,"column":14},"end":{"line":20,"column":19}},{"start":{"line":20,"column":23},"end":{"line":20,"column":28}}]},"2":{"line":21,"type":"if","locations":[{"start":{"line":21,"column":6},"end":{"line":21,"column":6}},{"start":{"line":21,"column":6},"end":{"line":21,"column":6}}]},"3":{"line":21,"type":"binary-expr","locations":[{"start":{"line":21,"column":10},"end":{"line":21,"column":15}},{"start":{"line":21,"column":19},"end":{"line":21,"column":42}},{"start":{"line":21,"column":46},"end":{"line":21,"column":61}}]},"4":{"line":33,"type":"if","locations":[{"start":{"line":33,"column":6},"end":{"line":33,"column":6}},{"start":{"line":33,"column":6},"end":{"line":33,"column":6}}]},"5":{"line":35,"type":"binary-expr","locations":[{"start":{"line":35,"column":14},"end":{"line":35,"column":19}},{"start":{"line":35,"column":23},"end":{"line":35,"column":36}}]},"6":{"line":36,"type":"if","locations":[{"start":{"line":36,"column":6},"end":{"line":36,"column":6}},{"start":{"line":36,"column":6},"end":{"line":36,"column":6}}]},"7":{"line":62,"type":"if","locations":[{"start":{"line":62,"column":6},"end":{"line":62,"column":6}},{"start":{"line":62,"column":6},"end":{"line":62,"column":6}}]},"8":{"line":73,"type":"if","locations":[{"start":{"line":73,"column":6},"end":{"line":73,"column":6}},{"start":{"line":73,"column":6},"end":{"line":73,"column":6}}]},"9":{"line":88,"type":"if","locations":[{"start":{"line":88,"column":6},"end":{"line":88,"column":6}},{"start":{"line":88,"column":6},"end":{"line":88,"column":6}}]},"10":{"line":97,"type":"if","locations":[{"start":{"line":97,"column":6},"end":{"line":97,"column":6}},{"start":{"line":97,"column":6},"end":{"line":97,"column":6}}]},"11":{"line":119,"type":"binary-expr","locations":[{"start":{"line":119,"column":14},"end":{"line":119,"column":19}},{"start":{"line":119,"column":23},"end":{"line":119,"column":28}}]},"12":{"line":120,"type":"if","locations":[{"start":{"line":120,"column":6},"end":{"line":120,"column":6}},{"start":{"line":120,"column":6},"end":{"line":120,"column":6}}]},"13":{"line":120,"type":"binary-expr","locations":[{"start":{"line":120,"column":10},"end":{"line":120,"column":23}},{"start":{"line":120,"column":27},"end":{"line":120,"column":42}}]},"14":{"line":125,"type":"if","locations":[{"start":{"line":125,"column":6},"end":{"line":125,"column":6}},{"start":{"line":125,"column":6},"end":{"line":125,"column":6}}]},"15":{"line":133,"type":"binary-expr","locations":[{"start":{"line":133,"column":14},"end":{"line":133,"column":19}},{"start":{"line":133,"column":23},"end":{"line":133,"column":28}}]},"16":{"line":134,"type":"if","locations":[{"start":{"line":134,"column":6},"end":{"line":134,"column":6}},{"start":{"line":134,"column":6},"end":{"line":134,"column":6}}]},"17":{"line":134,"type":"binary-expr","locations":[{"start":{"line":134,"column":10},"end":{"line":134,"column":24}},{"start":{"line":134,"column":28},"end":{"line":134,"column":43}}]},"18":{"line":139,"type":"if","locations":[{"start":{"line":139,"column":6},"end":{"line":139,"column":6}},{"start":{"line":139,"column":6},"end":{"line":139,"column":6}}]},"19":{"line":147,"type":"if","locations":[{"start":{"line":147,"column":6},"end":{"line":147,"column":6}},{"start":{"line":147,"column":6},"end":{"line":147,"column":6}}]},"20":{"line":167,"type":"if","locations":[{"start":{"line":167,"column":4},"end":{"line":167,"column":4}},{"start":{"line":167,"column":4},"end":{"line":167,"column":4}}]},"21":{"line":172,"type":"if","locations":[{"start":{"line":172,"column":4},"end":{"line":172,"column":4}},{"start":{"line":172,"column":4},"end":{"line":172,"column":4}}]},"22":{"line":177,"type":"if","locations":[{"start":{"line":177,"column":4},"end":{"line":177,"column":4}},{"start":{"line":177,"column":4},"end":{"line":177,"column":4}}]},"23":{"line":177,"type":"binary-expr","locations":[{"start":{"line":177,"column":8},"end":{"line":177,"column":26}},{"start":{"line":177,"column":30},"end":{"line":177,"column":53}}]}}}}